Library/Bee/Android/Prj/IL2CPP/Gradle/launcher/build/intermediates/manifest_merge_blame_file/release/manifest-merger-blame-release-report.txt
1<?xml version="1.0" encoding="utf-8"?>
2<manifest xmlns:android="http://schemas.android.com/apk/res/android"
3    package="com.vuforia.engine.coresamples"
4    android:installLocation="preferExternal"
5    android:versionCode="10154"
6    android:versionName="10.15.4" >
7
8    <uses-sdk
9        android:minSdkVersion="26"
9-->src/main/AndroidManifest.xml
10        android:targetSdkVersion="32" />
10-->src/main/AndroidManifest.xml
11
12    <supports-screens
12-->src/main/AndroidManifest.xml:4:3-163
13        android:anyDensity="true"
13-->src/main/AndroidManifest.xml:4:135-160
14        android:largeScreens="true"
14-->src/main/AndroidManifest.xml:4:78-105
15        android:normalScreens="true"
15-->src/main/AndroidManifest.xml:4:49-77
16        android:smallScreens="true"
16-->src/main/AndroidManifest.xml:4:21-48
17        android:xlargeScreens="true" />
17-->src/main/AndroidManifest.xml:4:106-134
18
19    <uses-permission android:name="android.permission.INTERNET" />
19-->[:unityLibrary] AndroidManifest.xml:10:5-67
19-->[:unityLibrary] AndroidManifest.xml:10:22-64
20    <uses-permission android:name="android.permission.CAMERA" />
20-->[:unityLibrary] AndroidManifest.xml:11:5-65
20-->[:unityLibrary] AndroidManifest.xml:11:22-62
21
22    <uses-feature android:glEsVersion="0x00020000" />
22-->[:unityLibrary] AndroidManifest.xml:13:5-54
22-->[:unityLibrary] AndroidManifest.xml:13:19-51
23    <uses-feature
23-->[:unityLibrary] AndroidManifest.xml:14:5-16:36
24        android:name="android.hardware.vulkan.version"
24-->[:unityLibrary] AndroidManifest.xml:15:9-55
25        android:required="false" />
25-->[:unityLibrary] AndroidManifest.xml:16:9-33
26    <uses-feature
26-->[:unityLibrary] AndroidManifest.xml:17:5-19:36
27        android:name="android.hardware.camera"
27-->[:unityLibrary] AndroidManifest.xml:18:9-47
28        android:required="true" />
28-->[:unityLibrary] AndroidManifest.xml:19:9-33
29    <uses-feature
29-->[:unityLibrary] AndroidManifest.xml:20:5-22:36
30        android:name="android.hardware.camera.autofocus"
30-->[:unityLibrary] AndroidManifest.xml:21:9-57
31        android:required="false" />
31-->[:unityLibrary] AndroidManifest.xml:22:9-33
32    <uses-feature
32-->[:unityLibrary] AndroidManifest.xml:23:5-25:36
33        android:name="android.hardware.camera.front"
33-->[:unityLibrary] AndroidManifest.xml:24:9-53
34        android:required="false" />
34-->[:unityLibrary] AndroidManifest.xml:25:9-33
35    <uses-feature
35-->[:unityLibrary] AndroidManifest.xml:26:5-28:36
36        android:name="android.hardware.touchscreen"
36-->[:unityLibrary] AndroidManifest.xml:27:9-52
37        android:required="false" />
37-->[:unityLibrary] AndroidManifest.xml:28:9-33
38    <uses-feature
38-->[:unityLibrary] AndroidManifest.xml:29:5-31:36
39        android:name="android.hardware.touchscreen.multitouch"
39-->[:unityLibrary] AndroidManifest.xml:30:9-63
40        android:required="false" />
40-->[:unityLibrary] AndroidManifest.xml:31:9-33
41    <uses-feature
41-->[:unityLibrary] AndroidManifest.xml:32:5-34:36
42        android:name="android.hardware.touchscreen.multitouch.distinct"
42-->[:unityLibrary] AndroidManifest.xml:33:9-72
43        android:required="false" />
43-->[:unityLibrary] AndroidManifest.xml:34:9-33
44
45    <queries>
45-->[com.google.ar:core:1.22.0] AndroidManifest.xml:29:5-31:15
46        <package android:name="com.google.ar.core" />
46-->[com.google.ar:core:1.22.0] AndroidManifest.xml:30:9-54
46-->[com.google.ar:core:1.22.0] AndroidManifest.xml:30:18-51
47    </queries>
48    <!--
49        Required by Vuforia: Add this permission to access IMU sensors at high rate
50        for device tracker functionality on Android 12+.
51    -->
52    <uses-permission android:name="android.permission.HIGH_SAMPLING_RATE_SENSORS" /> <!-- Required by Vuforia: Add this permission to allow checking of network. -->
52-->[:VuforiaEngine:] AndroidManifest.xml:16:5-85
52-->[:VuforiaEngine:] AndroidManifest.xml:16:22-82
53    <uses-permission android:name="android.permission.ACCESS_NETWORK_STATE" />
53-->[:VuforiaEngine:] AndroidManifest.xml:19:5-79
53-->[:VuforiaEngine:] AndroidManifest.xml:19:22-76
54
55    <application
55-->src/main/AndroidManifest.xml:3:3-126
56        android:extractNativeLibs="true"
56-->[:unityLibrary] AndroidManifest.xml:36:18-50
57        android:icon="@mipmap/app_icon"
57-->src/main/AndroidManifest.xml:3:49-80
58        android:label="@string/app_name"
58-->src/main/AndroidManifest.xml:3:16-48
59        android:roundIcon="@mipmap/app_icon_round" >
59-->src/main/AndroidManifest.xml:3:81-123
60        <meta-data
60-->[:unityLibrary] AndroidManifest.xml:37:9-39:33
61            android:name="unity.splash-mode"
61-->[:unityLibrary] AndroidManifest.xml:38:13-45
62            android:value="0" />
62-->[:unityLibrary] AndroidManifest.xml:39:13-30
63        <meta-data
63-->[:unityLibrary] AndroidManifest.xml:40:9-42:36
64            android:name="unity.splash-enable"
64-->[:unityLibrary] AndroidManifest.xml:41:13-47
65            android:value="True" />
65-->[:unityLibrary] AndroidManifest.xml:42:13-33
66        <meta-data
66-->[:unityLibrary] AndroidManifest.xml:43:9-45:36
67            android:name="unity.launch-fullscreen"
67-->[:unityLibrary] AndroidManifest.xml:44:13-51
68            android:value="True" />
68-->[:unityLibrary] AndroidManifest.xml:45:13-33
69        <meta-data
69-->[:unityLibrary] AndroidManifest.xml:46:9-48:37
70            android:name="unity.allow-resizable-window"
70-->[:unityLibrary] AndroidManifest.xml:47:13-56
71            android:value="False" />
71-->[:unityLibrary] AndroidManifest.xml:48:13-34
72        <meta-data
72-->[:unityLibrary] AndroidManifest.xml:49:9-51:50
73            android:name="notch.config"
73-->[:unityLibrary] AndroidManifest.xml:50:13-40
74            android:value="portrait|landscape" />
74-->[:unityLibrary] AndroidManifest.xml:51:13-47
75        <meta-data
75-->[:unityLibrary] AndroidManifest.xml:52:9-54:36
76            android:name="unity.auto-report-fully-drawn"
76-->[:unityLibrary] AndroidManifest.xml:53:13-57
77            android:value="true" />
77-->[:unityLibrary] AndroidManifest.xml:54:13-33
78
79        <activity
79-->[:unityLibrary] AndroidManifest.xml:56:9-77:20
80            android:name="com.unity3d.player.UnityPlayerActivity"
80-->[:unityLibrary] AndroidManifest.xml:57:13-66
81            android:configChanges="mcc|mnc|locale|touchscreen|keyboard|keyboardHidden|navigation|orientation|screenLayout|uiMode|screenSize|smallestScreenSize|fontScale|layoutDirection|density"
81-->[:unityLibrary] AndroidManifest.xml:58:13-194
82            android:exported="true"
82-->[:unityLibrary] AndroidManifest.xml:59:13-36
83            android:hardwareAccelerated="false"
83-->[:unityLibrary] AndroidManifest.xml:60:13-48
84            android:launchMode="singleTask"
84-->[:unityLibrary] AndroidManifest.xml:61:13-44
85            android:resizeableActivity="false"
85-->[:unityLibrary] AndroidManifest.xml:62:13-47
86            android:screenOrientation="portrait"
86-->[:unityLibrary] AndroidManifest.xml:63:13-49
87            android:theme="@style/UnityThemeSelector" >
87-->[:unityLibrary] AndroidManifest.xml:64:13-54
88            <intent-filter>
88-->[:unityLibrary] AndroidManifest.xml:65:13-69:29
89                <category android:name="android.intent.category.LAUNCHER" />
89-->[:unityLibrary] AndroidManifest.xml:66:17-77
89-->[:unityLibrary] AndroidManifest.xml:66:27-74
90
91                <action android:name="android.intent.action.MAIN" />
91-->[:unityLibrary] AndroidManifest.xml:68:17-69
91-->[:unityLibrary] AndroidManifest.xml:68:25-66
92            </intent-filter>
93
94            <meta-data
94-->[:unityLibrary] AndroidManifest.xml:71:13-73:40
95                android:name="unityplayer.UnityActivity"
95-->[:unityLibrary] AndroidManifest.xml:72:17-57
96                android:value="true" />
96-->[:unityLibrary] AndroidManifest.xml:73:17-37
97            <meta-data
97-->[:unityLibrary] AndroidManifest.xml:74:13-76:40
98                android:name="notch_support"
98-->[:unityLibrary] AndroidManifest.xml:75:17-45
99                android:value="true" />
99-->[:unityLibrary] AndroidManifest.xml:76:17-37
100        </activity>
101
102        <meta-data
102-->[:unityLibrary] AndroidManifest.xml:79:9-81:40
103            android:name="com.google.ar.core"
103-->[:unityLibrary] AndroidManifest.xml:80:13-46
104            android:value="optional" /> <!-- The minimal version code of ARCore APK required for an app using this SDK. -->
104-->[:unityLibrary] AndroidManifest.xml:81:13-37
105        <meta-data
105-->[com.google.ar:core:1.22.0] AndroidManifest.xml:36:9-38:41
106            android:name="com.google.ar.core.min_apk_version"
106-->[com.google.ar:core:1.22.0] AndroidManifest.xml:37:13-62
107            android:value="202940000" /> <!-- This activity is critical for installing ARCore when it is not already present. -->
107-->[com.google.ar:core:1.22.0] AndroidManifest.xml:38:13-38
108        <activity
108-->[com.google.ar:core:1.22.0] AndroidManifest.xml:40:9-46:80
109            android:name="com.google.ar.core.InstallActivity"
109-->[com.google.ar:core:1.22.0] AndroidManifest.xml:41:13-62
110            android:configChanges="keyboardHidden|orientation|screenSize"
110-->[com.google.ar:core:1.22.0] AndroidManifest.xml:42:13-74
111            android:excludeFromRecents="true"
111-->[com.google.ar:core:1.22.0] AndroidManifest.xml:43:13-46
112            android:exported="false"
112-->[com.google.ar:core:1.22.0] AndroidManifest.xml:44:13-37
113            android:launchMode="singleTop"
113-->[com.google.ar:core:1.22.0] AndroidManifest.xml:45:13-43
114            android:theme="@android:style/Theme.Material.Light.Dialog.Alert" />
114-->[com.google.ar:core:1.22.0] AndroidManifest.xml:46:13-77
115
116        <provider
116-->[:VuforiaEngine:] AndroidManifest.xml:25:9-33:20
117            android:name="com.vuforia.engine.app.VuforiaContentProvider"
117-->[:VuforiaEngine:] AndroidManifest.xml:26:13-73
118            android:authorities="com.vuforia.engine.coresamples.vuforia.share"
118-->[:VuforiaEngine:] AndroidManifest.xml:27:13-65
119            android:exported="false"
119-->[:VuforiaEngine:] AndroidManifest.xml:28:13-37
120            android:grantUriPermissions="true" >
120-->[:VuforiaEngine:] AndroidManifest.xml:29:13-47
121            <meta-data
121-->[:VuforiaEngine:] AndroidManifest.xml:30:13-32:53
122                android:name="android.support.FILE_PROVIDER_PATHS"
122-->[:VuforiaEngine:] AndroidManifest.xml:31:17-67
123                android:resource="@xml/filepaths" />
123-->[:VuforiaEngine:] AndroidManifest.xml:32:17-50
124        </provider>
125    </application>
126
127</manifest>